G:\VC++\MYPROJECTS\DATASTRUCTE\LIST\LIST\DEBUG\MAIN.OBJ
G:\VC++\MYPROJECTS\DATASTRUCTE\LIST\LIST\DEBUG\VC110.PDB
G:\VC++\MYPROJECTS\DATASTRUCTE\LIST\DEBUG\LIST.ILK
G:\VC++\MYPROJECTS\DATASTRUCTE\LIST\DEBUG\LIST.EXE
G:\VC++\MYPROJECTS\DATASTRUCTE\LIST\DEBUG\LIST.PDB
G:\VC++\MyProjects\DataStructe\List\List\Debug\main.obj
G:\VC++\MyProjects\DataStructe\List\List\Debug\cl.command.1.tlog
G:\VC++\MyProjects\DataStructe\List\List\Debug\CL.read.1.tlog
G:\VC++\MyProjects\DataStructe\List\List\Debug\CL.write.1.tlog
G:\VC++\MyProjects\DataStructe\List\List\Debug\link-cvtres.read.1.tlog
G:\VC++\MyProjects\DataStructe\List\List\Debug\link-cvtres.write.1.tlog
G:\VC++\MyProjects\DataStructe\List\List\Debug\link-rc.read.1.tlog
G:\VC++\MyProjects\DataStructe\List\List\Debug\link-rc.write.1.tlog
G:\VC++\MyProjects\DataStructe\List\List\Debug\link.command.1.tlog
G:\VC++\MyProjects\DataStructe\List\List\Debug\link.read.1.tlog
G:\VC++\MyProjects\DataStructe\List\List\Debug\link.write.1.tlog
G:\VC++\MyProjects\DataStructe\List\List\Debug\vc110.idb
G:\VC++\MyProjects\DataStructe\List\List\Debug\vc110.pdb
G:\VC++\MyProjects\DataStructe\List\Debug\List.pdb
G:\VC++\MyProjects\DataStructe\List\Debug\List.exe
G:\VC++\MyProjects\DataStructe\List\Debug\List.ilk
